<?xml version="1.0" encoding="UTF-8"?>
<!-- Generated by org.testng.reporters.JUnitXMLReporter -->
<testsuite ignored="4" hostname="Admin" failures="0" tests="2" name="Default test" time="10.438" errors="0" timestamp="2025-07-16T10:51:24 IST">
  <testcase classname="testcase.Testcase1" name="verifyAdminPageContent" time="9.336"/>
  <testcase classname="testcase.Testcase1" name="searchAdminData" time="1.025"/>
  <testcase classname="testcase.Testcase1" name="verifyInvalidCredentialsOnLoginPage" time="0.0">
    <ignored/>
  </testcase> <!-- verifyInvalidCredentialsOnLoginPage -->
  <testcase classname="testcase.Testcase1" name="testcase1" time="0.0">
    <ignored/>
  </testcase> <!-- testcase1 -->
  <testcase classname="testcase.Testcase1" name="verifyForgotPageMsg" time="0.0">
    <ignored/>
  </testcase> <!-- verifyForgotPageMsg -->
  <testcase classname="testcase.Testcase1" name="logoutPage" time="0.0">
    <ignored/>
  </testcase> <!-- logoutPage -->
</testsuite> <!-- Default test -->
