<?xml version="1.0" encoding="UTF-8"?>
<testng-results ignored="0" total="2" passed="2" failed="0" skipped="0">
  <reporter-output>
  </reporter-output>
  <suite started-at="2025-07-16T10:51:13 IST" name="Default suite" finished-at="2025-07-16T10:51:24 IST" duration-ms="10438">
    <groups>
    </groups>
    <test started-at="2025-07-16T10:51:13 IST" name="Default test" finished-at="2025-07-16T10:51:24 IST" duration-ms="10438">
      <class name="testcase.Testcase1">
        <test-method signature="verifyAdminPageContent(java.lang.String,java.lang.String)[pri:3, instance:testcase.Testcase1@5677323c]" started-at="2025-07-16T10:51:13 IST" name="verifyAdminPageContent" data-provider="validLoginData" finished-at="2025-07-16T10:51:23 IST" duration-ms="9336" status="PASS">
          <params>
            <param index="0">
              <value>
                <![CDATA[Admin]]>
              </value>
            </param>
            <param index="1">
              <value>
                <![CDATA[admin123]]>
              </value>
            </param>
          </params>
          <reporter-output>
          </reporter-output>
        </test-method> <!-- verifyAdminPageContent -->
        <test-method signature="searchAdminData(java.lang.String,java.lang.String,java.lang.String,java.lang.String)[pri:4, instance:testcase.Testcase1@5677323c]" started-at="2025-07-16T10:51:23 IST" name="searchAdminData" data-provider="searchAdminData" finished-at="2025-07-16T10:51:24 IST" duration-ms="1025" status="PASS">
          <params>
            <param index="0">
              <value>
                <![CDATA[prasad prasad]]>
              </value>
            </param>
            <param index="1">
              <value>
                <![CDATA[Admin]]>
              </value>
            </param>
            <param index="2">
              <value>
                <![CDATA[sasa asa ff]]>
              </value>
            </param>
            <param index="3">
              <value>
                <![CDATA[Enabled]]>
              </value>
            </param>
          </params>
          <reporter-output>
          </reporter-output>
        </test-method> <!-- searchAdminData -->
      </class> <!-- testcase.Testcase1 -->
    </test> <!-- Default test -->
  </suite> <!-- Default suite -->
</testng-results>
